2025-09-25 16:59:12,931 - INFO - Starting SVM classification using YOLOv8 features...
2025-09-25 16:59:12,945 - INFO - Using device: cuda
2025-09-25 16:59:13,085 - INFO - Loading training and validation datasets...
2025-09-25 16:59:13,108 - INFO - Extracting features from the training set...
2025-09-25 16:59:31,430 - INFO - Extracting features from the validation set...
2025-09-25 16:59:49,556 - INFO - Feature extraction complete. Train features shape: (4190, 576), Validation features shape: (2625, 576)
2025-09-25 16:59:49,556 - INFO - 
--- Training and Evaluating SVM Classifier ---
2025-09-25 16:59:49,566 - INFO - Standardizing features...
2025-09-25 16:59:49,591 - INFO - Training the SVM classifier...
2025-09-25 16:59:51,588 - INFO - Making predictions on the validation set...
2025-09-25 16:59:51,713 - INFO - --------------------------------------------------
2025-09-25 16:59:51,713 - INFO - FINAL RESULT: SVM classifier validation accuracy: 83.05%
2025-09-25 16:59:51,713 - INFO - --------------------------------------------------
2025-09-25 17:00:08,297 - INFO - Starting SVM classification using YOLOv8 features...
2025-09-25 17:00:08,321 - INFO - Using device: cuda
2025-09-25 17:00:08,446 - INFO - Loading training and validation datasets...
2025-09-25 17:00:08,470 - INFO - Extracting features from the training set...
2025-09-25 17:00:25,855 - INFO - Extracting features from the validation set...
2025-09-25 17:00:43,985 - INFO - Feature extraction complete. Train features shape: (4190, 576), Validation features shape: (2625, 576)
2025-09-25 17:00:43,985 - INFO - 
--- Training and Evaluating SVM Classifier ---
2025-09-25 17:00:43,985 - INFO - Standardizing features...
2025-09-25 17:00:44,016 - INFO - Training the SVM classifier...
2025-09-25 17:00:46,004 - INFO - Making predictions on the validation set...
2025-09-25 17:00:46,126 - INFO - --------------------------------------------------
2025-09-25 17:00:46,127 - INFO - FINAL RESULT: SVM classifier validation accuracy: 83.05%
2025-09-25 17:00:46,127 - INFO - --------------------------------------------------
