2025-09-25 17:02:28,046 - INFO - Starting KNN classification using YOLOv8 features...
2025-09-25 17:02:28,063 - INFO - Using device: cuda
2025-09-25 17:02:28,218 - INFO - Loading training and validation datasets...
2025-09-25 17:10:53,678 - INFO - Starting KNN classification using YOLOv8 features...
2025-09-25 17:10:53,694 - INFO - Using device: cuda
2025-09-25 17:10:53,820 - INFO - Loading training and validation datasets...
2025-09-25 17:10:53,842 - INFO - Extracting features from the training set...
2025-09-25 17:11:11,438 - INFO - Extracting features from the validation set...
2025-09-25 17:11:29,131 - INFO - Feature extraction complete. Train features shape: (4190, 576), Validation features shape: (2625, 576)
2025-09-25 17:11:29,131 - INFO - 
--- Training and Evaluating KNN Classifier ---
2025-09-25 17:11:29,131 - INFO - Using K = 5
2025-09-25 17:11:29,131 - INFO - Training the KNN classifier...
2025-09-25 17:11:29,131 - INFO - Making predictions on the validation set...
2025-09-25 17:11:29,445 - INFO - --------------------------------------------------
2025-09-25 17:11:29,447 - INFO - FINAL RESULT: KNN classifier validation accuracy: 83.05%
2025-09-25 17:11:29,447 - INFO - --------------------------------------------------
2025-09-25 17:11:39,099 - INFO - Starting KNN classification using YOLOv8 features...
2025-09-25 17:11:39,118 - INFO - Using device: cuda
2025-09-25 17:11:39,232 - INFO - Loading training and validation datasets...
2025-09-25 17:11:39,270 - INFO - Extracting features from the training set...
2025-09-25 17:11:56,949 - INFO - Extracting features from the validation set...
2025-09-25 17:12:14,716 - INFO - Feature extraction complete. Train features shape: (4190, 576), Validation features shape: (2625, 576)
2025-09-25 17:12:14,716 - INFO - 
--- Training and Evaluating KNN Classifier ---
2025-09-25 17:12:14,716 - INFO - Using K = 5
2025-09-25 17:12:14,716 - INFO - Training the KNN classifier...
2025-09-25 17:12:14,716 - INFO - Making predictions on the validation set...
2025-09-25 17:12:15,006 - INFO - --------------------------------------------------
2025-09-25 17:12:15,006 - INFO - FINAL RESULT: KNN classifier validation accuracy: 83.05%
2025-09-25 17:12:15,006 - INFO - --------------------------------------------------
